2021-06-09 18:18:13,586:INFO: Loading the datasets...
2021-06-09 18:18:40,653:INFO: Loading the datasets...
2021-06-09 18:18:41,015:INFO: - done.
2021-06-09 18:18:42,369:INFO: Starting training for 10 epoch(s)
2021-06-09 18:18:42,370:INFO: Epoch 1/10
2021-06-09 18:18:59,219:INFO: - Train metrics: rmse_loss: 0.472 ; mae_loss: 0.366 ; loss: 0.777
2021-06-09 18:19:01,330:INFO: - Eval metrics : rmse_loss: 0.237 ; mae_loss: 0.177 ; loss: 0.063
2021-06-09 18:19:01,418:INFO: - Found new best MSE loss
2021-06-09 18:19:01,418:INFO: Epoch 2/10
2021-06-09 18:19:18,361:INFO: - Train metrics: rmse_loss: 0.250 ; mae_loss: 0.170 ; loss: 0.063
2021-06-09 18:19:20,340:INFO: - Eval metrics : rmse_loss: 0.240 ; mae_loss: 0.176 ; loss: 0.065
2021-06-09 18:19:20,379:INFO: Epoch 3/10
2021-06-09 18:19:37,219:INFO: - Train metrics: rmse_loss: 0.240 ; mae_loss: 0.161 ; loss: 0.058
2021-06-09 18:19:39,322:INFO: - Eval metrics : rmse_loss: 0.230 ; mae_loss: 0.171 ; loss: 0.060
2021-06-09 18:19:39,369:INFO: - Found new best MSE loss
2021-06-09 18:19:39,369:INFO: Epoch 4/10
2021-06-09 18:19:56,384:INFO: - Train metrics: rmse_loss: 0.233 ; mae_loss: 0.151 ; loss: 0.054
2021-06-09 18:19:58,427:INFO: - Eval metrics : rmse_loss: 0.210 ; mae_loss: 0.150 ; loss: 0.052
2021-06-09 18:19:58,471:INFO: - Found new best MSE loss
2021-06-09 18:19:58,471:INFO: Epoch 5/10
